Process app.js not found. Starting the process...
Checking package... nodemon
Checking package... winston
Checking package... winston-daily-rotate-file
[6625:0x62f0000]       32 ms: Scavenge 4.1 (5.4) -> 3.5 (6.4) MB, pooled: 0 MB, 0.47 / 0.00 ms  (average mu = 1.000, current mu = 1.000) allocation failure; 
[6625:0x62f0000]       40 ms: Scavenge 4.3 (6.4) -> 4.0 (6.7) MB, pooled: 0 MB, 0.58 / 0.00 ms  (average mu = 1.000, current mu = 1.000) allocation failure; 
[6625:0x62f0000]       47 ms: Scavenge 4.8 (6.7) -> 4.4 (9.4) MB, pooled: 0 MB, 0.54 / 0.00 ms  (average mu = 1.000, current mu = 1.000) allocation failure; 
[2024-07-02 18:54:28.309] info: Load balancer started on port 8081
[2024-07-02 18:54:28.311] info: Host URI: webapp:8081
[2024-07-02 18:54:28.311] info: Printing configuration bllow
[2024-07-02 18:54:28.311] info: Rotate Interval in ms- 500
[2024-07-02 18:54:28.312] info: Avilable backend servers : [
  {
    "host": "aws",
    "port": 8082,
    "allowedRequest": []
  },
  {
    "host": "aws2",
    "port": 8082,
    "allowedRequest": [
      "/products"
    ]
  }
]
[6625:0x62f0000]       89 ms: Scavenge 7.2 (10.1) -> 6.4 (10.6) MB, pooled: 0 MB, 0.70 / 0.00 ms  (average mu = 1.000, current mu = 1.000) task; 
[6625:0x62f0000]     8191 ms: Mark-Compact (reduce) 6.4 (10.6) -> 5.7 (7.8) MB, pooled: 0 MB, 1.70 / 0.00 ms  (+ 1.2 ms in 0 steps since start of marking, biggest step 0.0 ms, walltime since start of marking 3 ms) (average mu = 1.000, current mu = 1.000) finalize incremental marking via task; GC in old space requested
[6625:0x62f0000]     8795 ms: Mark-Compact (reduce) 5.7 (7.8) -> 5.7 (7.8) MB, pooled: 0 MB, 0.96 / 0.00 ms  (+ 1.5 ms in 0 steps since start of marking, biggest step 0.0 ms, walltime since start of marking 3 ms) (average mu = 0.999, current mu = 0.996) finalize incremental marking via task; GC in old space requested
[2024-07-02 18:54:45.926] info: **** Request Received URL: /iam/getLogin?operation=userAuthHash, Method: OPTIONS,  origin - http://aws, connection - keep-alive , 
 Backend Server: aws2:8082
[2024-07-02 18:54:45.940] info: **** Request Received URL: /iam/getLogin?operation=userAuthHash, Method: POST,  origin - http://aws, connection - keep-alive , 
 Backend Server: aws2:8082
./run-app.sh: line 8:  6625 Hangup                  "$process_name" --max-old-space-size="$memory_limit" --trace-gc "$script_name"
Process app.js started.
